mode: set
datastructures/AVLTree.go:22.28,24.2 1 1
datastructures/AVLTree.go:26.42,27.14 1 1
datastructures/AVLTree.go:27.14,29.3 1 1
datastructures/AVLTree.go:30.2,30.17 1 1
datastructures/AVLTree.go:33.37,34.11 1 1
datastructures/AVLTree.go:34.11,36.3 1 1
datastructures/AVLTree.go:37.2,37.10 1 1
datastructures/AVLTree.go:40.52,51.2 7 1
datastructures/AVLTree.go:53.51,64.2 7 1
datastructures/AVLTree.go:66.46,67.14 1 1
datastructures/AVLTree.go:67.14,69.3 1 0
datastructures/AVLTree.go:70.2,70.45 1 1
datastructures/AVLTree.go:73.63,74.17 1 1
datastructures/AVLTree.go:74.17,76.3 1 1
datastructures/AVLTree.go:78.2,78.20 1 1
datastructures/AVLTree.go:78.20,80.3 1 1
datastructures/AVLTree.go:80.8,80.27 1 1
datastructures/AVLTree.go:80.27,82.3 1 1
datastructures/AVLTree.go:82.8,84.3 1 1
datastructures/AVLTree.go:86.2,90.40 3 1
datastructures/AVLTree.go:90.40,92.3 1 1
datastructures/AVLTree.go:95.2,95.42 1 1
datastructures/AVLTree.go:95.42,97.3 1 1
datastructures/AVLTree.go:100.2,100.40 1 1
datastructures/AVLTree.go:100.40,103.3 2 1
datastructures/AVLTree.go:106.2,106.42 1 1
datastructures/AVLTree.go:106.42,109.3 2 1
datastructures/AVLTree.go:111.2,111.13 1 1
datastructures/AVLTree.go:114.56,116.26 2 1
datastructures/AVLTree.go:116.26,118.3 1 1
datastructures/AVLTree.go:119.2,119.16 1 1
datastructures/AVLTree.go:122.63,123.17 1 1
datastructures/AVLTree.go:123.17,125.3 1 1
datastructures/AVLTree.go:127.2,127.20 1 1
datastructures/AVLTree.go:127.20,129.3 1 1
datastructures/AVLTree.go:129.8,129.27 1 1
datastructures/AVLTree.go:129.27,131.3 1 1
datastructures/AVLTree.go:131.8,132.44 1 1
datastructures/AVLTree.go:132.44,134.24 2 1
datastructures/AVLTree.go:134.24,136.5 1 1
datastructures/AVLTree.go:136.10,138.5 1 1
datastructures/AVLTree.go:140.4,140.19 1 1
datastructures/AVLTree.go:140.19,143.5 2 1
datastructures/AVLTree.go:143.10,145.5 1 1
datastructures/AVLTree.go:146.4,146.14 1 1
datastructures/AVLTree.go:147.9,151.4 3 1
datastructures/AVLTree.go:154.2,154.17 1 1
datastructures/AVLTree.go:154.17,156.3 1 1
datastructures/AVLTree.go:158.2,161.49 3 1
datastructures/AVLTree.go:161.49,163.3 1 1
datastructures/AVLTree.go:165.2,165.48 1 1
datastructures/AVLTree.go:165.48,168.3 2 0
datastructures/AVLTree.go:170.2,170.51 1 1
datastructures/AVLTree.go:170.51,172.3 1 0
datastructures/AVLTree.go:174.2,174.50 1 1
datastructures/AVLTree.go:174.50,177.3 2 1
datastructures/AVLTree.go:179.2,179.13 1 1
datastructures/AVLTree.go:182.42,183.17 1 1
datastructures/AVLTree.go:183.17,187.3 3 1
datastructures/AVLTree.go:190.46,191.17 1 1
datastructures/AVLTree.go:191.17,195.3 3 1
datastructures/AVLTree.go:198.35,200.2 1 1
datastructures/AVLTree.go:202.35,204.2 1 1
datastructures/AVLTree.go:206.38,208.18 2 1
datastructures/AVLTree.go:208.18,209.22 1 1
datastructures/AVLTree.go:209.22,211.4 1 1
datastructures/AVLTree.go:212.3,212.21 1 1
datastructures/AVLTree.go:212.21,214.4 1 1
datastructures/AVLTree.go:214.9,216.4 1 1
datastructures/AVLTree.go:218.2,218.14 1 1
datastructures/AVLTree.go:221.27,225.2 3 1
datastructures/AVLTree.go:228.71,229.17 1 1
datastructures/AVLTree.go:229.17,232.3 2 1
datastructures/AVLTree.go:234.2,234.81 1 1
datastructures/AVLTree.go:234.81,236.3 1 0
datastructures/AVLTree.go:237.2,237.59 1 1
datastructures/AVLTree.go:237.59,239.3 1 0
datastructures/AVLTree.go:240.2,240.44 1 1
datastructures/AVLTree.go:243.70,245.69 2 1
datastructures/AVLTree.go:245.69,246.20 1 0
datastructures/AVLTree.go:246.20,248.4 1 0
datastructures/AVLTree.go:249.3,249.18 1 0
datastructures/AVLTree.go:252.2,252.15 1 1
datastructures/AVLTree.go:252.15,254.3 1 1
datastructures/AVLTree.go:256.2,259.33 3 1
datastructures/AVLTree.go:259.33,261.3 1 0
datastructures/AVLTree.go:262.2,265.33 3 1
datastructures/AVLTree.go:265.33,267.3 1 0
datastructures/AVLTree.go:268.2,271.18 3 1
datastructures/AVLTree.go:274.52,276.16 2 1
datastructures/AVLTree.go:276.16,278.3 1 1
datastructures/AVLTree.go:279.2,281.40 2 1
datastructures/AVLTree.go:284.54,286.16 2 1
datastructures/AVLTree.go:286.16,288.3 1 1
datastructures/AVLTree.go:289.2,293.33 4 1
datastructures/AVLTree.go:293.33,295.3 1 0
datastructures/AVLTree.go:296.2,297.12 2 1
datastructures/AVLTree.go:305.59,306.17 1 1
datastructures/AVLTree.go:306.17,310.3 3 1
datastructures/AVLTree.go:313.56,315.16 2 1
datastructures/AVLTree.go:315.16,317.3 1 1
datastructures/AVLTree.go:318.2,326.33 7 1
datastructures/AVLTree.go:329.58,331.16 2 1
datastructures/AVLTree.go:331.16,333.3 1 1
datastructures/AVLTree.go:334.2,341.50 6 1
datastructures/AVLTree.go:341.50,343.3 1 0
datastructures/AVLTree.go:345.2,345.36 1 1
datastructures/AVLTree.go:345.36,347.3 1 1
datastructures/AVLTree.go:348.2,348.12 1 1
datastructures/Array.go:17.28,23.2 1 1
datastructures/Array.go:25.43,30.2 4 1
datastructures/Array.go:32.39,33.26 1 1
datastructures/Array.go:33.26,35.3 1 1
datastructures/Array.go:36.2,37.10 2 1
datastructures/Array.go:40.58,41.34 1 1
datastructures/Array.go:41.34,43.3 1 1
datastructures/Array.go:44.2,44.26 1 1
datastructures/Array.go:44.26,46.3 1 1
datastructures/Array.go:47.2,47.34 1 1
datastructures/Array.go:47.34,49.3 1 1
datastructures/Array.go:50.2,52.12 3 1
datastructures/Array.go:55.54,56.34 1 1
datastructures/Array.go:56.34,58.3 1 1
datastructures/Array.go:59.2,59.27 1 1
datastructures/Array.go:62.50,63.34 1 1
datastructures/Array.go:63.34,65.3 1 1
datastructures/Array.go:66.2,66.36 1 1
datastructures/Array.go:66.36,68.3 1 1
datastructures/Array.go:69.2,70.12 2 1
datastructures/Array.go:73.62,74.35 1 1
datastructures/Array.go:74.35,76.3 1 1
datastructures/Array.go:77.2,78.12 2 1
datastructures/Array.go:81.35,83.2 1 1
datastructures/Array.go:85.27,87.30 2 1
datastructures/Array.go:87.30,89.19 2 1
datastructures/Array.go:89.19,91.4 1 1
datastructures/Array.go:93.2,93.18 1 1
datastructures/Array.go:97.52,99.16 2 1
datastructures/Array.go:99.16,101.3 1 1
datastructures/Array.go:102.2,104.80 2 1
datastructures/Array.go:104.80,106.3 1 0
datastructures/Array.go:107.2,107.30 1 1
datastructures/Array.go:107.30,108.83 1 1
datastructures/Array.go:108.83,110.4 1 0
datastructures/Array.go:112.2,112.12 1 1
datastructures/Array.go:115.54,117.16 2 1
datastructures/Array.go:117.16,119.3 1 1
datastructures/Array.go:120.2,123.73 3 1
datastructures/Array.go:123.73,125.3 1 0
datastructures/Array.go:127.2,127.31 1 1
datastructures/Array.go:127.31,129.3 1 1
datastructures/Array.go:130.2,132.30 2 1
datastructures/Array.go:132.30,134.72 2 1
datastructures/Array.go:134.72,136.4 1 0
datastructures/Array.go:137.3,137.25 1 1
datastructures/Array.go:139.2,139.12 1 1
datastructures/Array.go:147.56,149.16 2 1
datastructures/Array.go:149.16,151.3 1 0
datastructures/Array.go:152.2,157.29 5 1
datastructures/Array.go:160.58,162.16 2 1
datastructures/Array.go:162.16,164.3 1 1
datastructures/Array.go:165.2,169.46 4 1
datastructures/Array.go:169.46,171.3 1 0
datastructures/Array.go:173.2,174.26 2 1
datastructures/Array.go:174.26,176.3 1 1
datastructures/Array.go:177.2,179.12 3 1
datastructures/DoublyLinkedList.go:23.46,29.2 1 1
datastructures/DoublyLinkedList.go:31.42,33.2 1 1
datastructures/DoublyLinkedList.go:35.49,37.19 2 1
datastructures/DoublyLinkedList.go:37.19,40.3 2 1
datastructures/DoublyLinkedList.go:40.8,44.3 3 1
datastructures/DoublyLinkedList.go:45.2,45.10 1 1
datastructures/DoublyLinkedList.go:48.48,50.19 2 1
datastructures/DoublyLinkedList.go:50.19,53.3 2 1
datastructures/DoublyLinkedList.go:53.8,57.3 3 1
datastructures/DoublyLinkedList.go:58.2,58.10 1 1
datastructures/DoublyLinkedList.go:61.68,62.21 1 1
datastructures/DoublyLinkedList.go:62.21,64.3 1 1
datastructures/DoublyLinkedList.go:65.2,65.23 1 1
datastructures/DoublyLinkedList.go:65.23,68.3 2 1
datastructures/DoublyLinkedList.go:69.2,70.29 2 1
datastructures/DoublyLinkedList.go:70.29,72.3 1 1
datastructures/DoublyLinkedList.go:73.2,77.12 5 1
datastructures/DoublyLinkedList.go:80.69,81.20 1 1
datastructures/DoublyLinkedList.go:81.20,83.3 1 1
datastructures/DoublyLinkedList.go:84.2,84.16 1 1
datastructures/DoublyLinkedList.go:84.16,87.3 2 1
datastructures/DoublyLinkedList.go:88.2,88.38 1 1
datastructures/DoublyLinkedList.go:91.39,92.19 1 1
datastructures/DoublyLinkedList.go:92.19,94.3 1 1
datastructures/DoublyLinkedList.go:95.2,96.19 2 1
datastructures/DoublyLinkedList.go:96.19,98.3 1 1
datastructures/DoublyLinkedList.go:98.8,100.3 1 1
datastructures/DoublyLinkedList.go:101.2,101.10 1 1
datastructures/DoublyLinkedList.go:104.38,105.19 1 1
datastructures/DoublyLinkedList.go:105.19,107.3 1 1
datastructures/DoublyLinkedList.go:108.2,109.19 2 1
datastructures/DoublyLinkedList.go:109.19,111.3 1 1
datastructures/DoublyLinkedList.go:111.8,113.3 1 1
datastructures/DoublyLinkedList.go:114.2,114.10 1 1
datastructures/DoublyLinkedList.go:117.54,118.21 1 1
datastructures/DoublyLinkedList.go:118.21,120.3 1 1
datastructures/DoublyLinkedList.go:121.2,121.16 1 1
datastructures/DoublyLinkedList.go:121.16,124.3 2 1
datastructures/DoublyLinkedList.go:125.2,125.23 1 1
datastructures/DoublyLinkedList.go:125.23,128.3 2 1
datastructures/DoublyLinkedList.go:129.2,130.29 2 1
datastructures/DoublyLinkedList.go:130.29,132.3 1 1
datastructures/DoublyLinkedList.go:133.2,137.12 5 1
datastructures/DoublyLinkedList.go:140.53,142.18 2 1
datastructures/DoublyLinkedList.go:142.18,143.25 1 1
datastructures/DoublyLinkedList.go:143.25,144.22 1 1
datastructures/DoublyLinkedList.go:144.22,146.5 1 1
datastructures/DoublyLinkedList.go:146.10,146.29 1 1
datastructures/DoublyLinkedList.go:146.29,148.5 1 1
datastructures/DoublyLinkedList.go:148.10,153.5 4 1
datastructures/DoublyLinkedList.go:154.4,154.10 1 1
datastructures/DoublyLinkedList.go:156.3,156.19 1 1
datastructures/DoublyLinkedList.go:160.49,162.18 2 1
datastructures/DoublyLinkedList.go:162.18,163.25 1 1
datastructures/DoublyLinkedList.go:163.25,165.4 1 1
datastructures/DoublyLinkedList.go:166.3,166.19 1 1
datastructures/DoublyLinkedList.go:168.2,168.14 1 1
datastructures/DoublyLinkedList.go:171.36,174.18 3 1
datastructures/DoublyLinkedList.go:174.18,176.23 2 1
datastructures/DoublyLinkedList.go:176.23,178.4 1 1
datastructures/DoublyLinkedList.go:179.3,179.19 1 1
datastructures/DoublyLinkedList.go:181.2,181.18 1 1
datastructures/DoublyLinkedList.go:185.61,187.16 2 1
datastructures/DoublyLinkedList.go:187.16,189.3 1 1
datastructures/DoublyLinkedList.go:190.2,192.80 2 1
datastructures/DoublyLinkedList.go:192.80,194.3 1 0
datastructures/DoublyLinkedList.go:195.2,196.18 2 1
datastructures/DoublyLinkedList.go:196.18,197.83 1 1
datastructures/DoublyLinkedList.go:197.83,199.4 1 0
datastructures/DoublyLinkedList.go:200.3,200.19 1 1
datastructures/DoublyLinkedList.go:202.2,202.12 1 1
datastructures/DoublyLinkedList.go:205.63,207.16 2 1
datastructures/DoublyLinkedList.go:207.16,209.3 1 1
datastructures/DoublyLinkedList.go:210.2,218.74 6 1
datastructures/DoublyLinkedList.go:218.74,220.3 1 0
datastructures/DoublyLinkedList.go:222.2,222.24 1 1
datastructures/DoublyLinkedList.go:222.24,224.3 1 0
datastructures/DoublyLinkedList.go:226.2,226.40 1 1
datastructures/DoublyLinkedList.go:226.40,228.72 2 1
datastructures/DoublyLinkedList.go:228.72,230.4 1 0
datastructures/DoublyLinkedList.go:231.3,231.25 1 1
datastructures/DoublyLinkedList.go:233.2,233.12 1 1
datastructures/DoublyLinkedList.go:241.65,243.16 2 1
datastructures/DoublyLinkedList.go:243.16,245.3 1 1
datastructures/DoublyLinkedList.go:246.2,250.18 4 1
datastructures/DoublyLinkedList.go:250.18,253.3 2 1
datastructures/DoublyLinkedList.go:255.2,258.33 4 1
datastructures/DoublyLinkedList.go:261.67,263.16 2 1
datastructures/DoublyLinkedList.go:263.16,265.3 1 1
datastructures/DoublyLinkedList.go:266.2,275.50 7 1
datastructures/DoublyLinkedList.go:275.50,277.3 1 0
datastructures/DoublyLinkedList.go:279.2,279.34 1 1
datastructures/DoublyLinkedList.go:279.34,281.3 1 0
datastructures/DoublyLinkedList.go:283.2,283.38 1 1
datastructures/DoublyLinkedList.go:283.38,285.3 1 1
datastructures/DoublyLinkedList.go:286.2,286.12 1 1
datastructures/HashTableChain.go:23.53,24.18 1 1
datastructures/HashTableChain.go:24.18,26.3 1 1
datastructures/HashTableChain.go:27.2,31.3 1 1
datastructures/HashTableChain.go:34.44,36.2 1 1
datastructures/HashTableChain.go:38.49,43.2 4 1
datastructures/HashTableChain.go:45.51,48.18 3 1
datastructures/HashTableChain.go:48.18,49.22 1 1
datastructures/HashTableChain.go:49.22,51.4 1 1
datastructures/HashTableChain.go:52.3,52.19 1 1
datastructures/HashTableChain.go:54.2,54.17 1 1
datastructures/HashTableChain.go:57.42,62.18 4 1
datastructures/HashTableChain.go:62.18,63.22 1 1
datastructures/HashTableChain.go:63.22,64.19 1 1
datastructures/HashTableChain.go:64.19,66.5 1 1
datastructures/HashTableChain.go:66.10,68.5 1 1
datastructures/HashTableChain.go:69.4,71.10 3 1
datastructures/HashTableChain.go:73.3,74.19 2 1
datastructures/HashTableChain.go:78.34,80.34 2 1
datastructures/HashTableChain.go:80.34,81.24 1 1
datastructures/HashTableChain.go:81.24,84.20 3 1
datastructures/HashTableChain.go:84.20,86.25 2 1
datastructures/HashTableChain.go:86.25,88.6 1 1
datastructures/HashTableChain.go:89.5,89.21 1 1
datastructures/HashTableChain.go:91.4,91.17 1 1
datastructures/HashTableChain.go:97.59,99.16 2 1
datastructures/HashTableChain.go:99.16,101.3 1 1
datastructures/HashTableChain.go:102.2,104.80 2 1
datastructures/HashTableChain.go:104.80,106.3 1 0
datastructures/HashTableChain.go:107.2,107.84 1 1
datastructures/HashTableChain.go:107.84,109.3 1 0
datastructures/HashTableChain.go:111.2,111.34 1 1
datastructures/HashTableChain.go:111.34,114.19 3 1
datastructures/HashTableChain.go:114.19,117.4 2 1
datastructures/HashTableChain.go:119.3,119.76 1 1
datastructures/HashTableChain.go:119.76,121.4 1 0
datastructures/HashTableChain.go:123.3,124.19 2 1
datastructures/HashTableChain.go:124.19,125.83 1 1
datastructures/HashTableChain.go:125.83,127.5 1 0
datastructures/HashTableChain.go:128.4,128.85 1 1
datastructures/HashTableChain.go:128.85,130.5 1 0
datastructures/HashTableChain.go:131.4,131.20 1 1
datastructures/HashTableChain.go:134.2,134.12 1 1
datastructures/HashTableChain.go:137.61,139.16 2 1
datastructures/HashTableChain.go:139.16,141.3 1 1
datastructures/HashTableChain.go:142.2,145.34 2 1
datastructures/HashTableChain.go:145.34,147.19 2 1
datastructures/HashTableChain.go:147.19,149.4 1 1
datastructures/HashTableChain.go:152.2,153.70 2 1
datastructures/HashTableChain.go:153.70,155.3 1 0
datastructures/HashTableChain.go:156.2,156.74 1 1
datastructures/HashTableChain.go:156.74,158.3 1 0
datastructures/HashTableChain.go:160.2,164.34 4 1
datastructures/HashTableChain.go:164.34,166.3 1 1
datastructures/HashTableChain.go:168.2,168.34 1 1
datastructures/HashTableChain.go:168.34,170.76 2 1
datastructures/HashTableChain.go:170.76,172.4 1 0
datastructures/HashTableChain.go:174.3,174.42 1 1
datastructures/HashTableChain.go:174.42,176.71 2 1
datastructures/HashTableChain.go:176.71,178.5 1 0
datastructures/HashTableChain.go:179.4,179.73 1 1
datastructures/HashTableChain.go:179.73,181.5 1 0
datastructures/HashTableChain.go:182.4,182.34 1 1
datastructures/HashTableChain.go:185.2,185.12 1 1
datastructures/HashTableChain.go:198.63,200.16 2 1
datastructures/HashTableChain.go:200.16,202.3 1 1
datastructures/HashTableChain.go:203.2,206.34 3 1
datastructures/HashTableChain.go:206.34,208.19 2 1
datastructures/HashTableChain.go:208.19,211.4 2 1
datastructures/HashTableChain.go:214.2,217.29 4 1
datastructures/HashTableChain.go:220.65,222.16 2 1
datastructures/HashTableChain.go:222.16,224.3 1 1
datastructures/HashTableChain.go:225.2,228.34 2 1
datastructures/HashTableChain.go:228.34,230.19 2 1
datastructures/HashTableChain.go:230.19,232.4 1 1
datastructures/HashTableChain.go:235.2,240.46 5 1
datastructures/HashTableChain.go:240.46,242.3 1 0
datastructures/HashTableChain.go:244.2,244.37 1 1
datastructures/HashTableChain.go:244.37,246.3 1 1
datastructures/HashTableChain.go:247.2,247.12 1 1
datastructures/HashTableOpen.go:24.51,25.18 1 1
datastructures/HashTableOpen.go:25.18,27.3 1 1
datastructures/HashTableOpen.go:28.2,29.31 2 1
datastructures/HashTableOpen.go:29.31,31.3 1 1
datastructures/HashTableOpen.go:32.2,36.3 1 1
datastructures/HashTableOpen.go:39.43,41.2 1 1
datastructures/HashTableOpen.go:43.34,49.34 5 1
datastructures/HashTableOpen.go:49.34,51.3 1 1
datastructures/HashTableOpen.go:53.2,54.35 2 1
datastructures/HashTableOpen.go:54.35,55.55 1 1
datastructures/HashTableOpen.go:55.55,57.4 1 1
datastructures/HashTableOpen.go:61.48,62.48 1 1
datastructures/HashTableOpen.go:62.48,64.3 1 1
datastructures/HashTableOpen.go:66.2,69.84 3 1
datastructures/HashTableOpen.go:69.84,71.22 2 1
datastructures/HashTableOpen.go:71.22,73.4 1 0
datastructures/HashTableOpen.go:76.2,80.10 5 1
datastructures/HashTableOpen.go:83.50,87.30 3 1
datastructures/HashTableOpen.go:87.30,88.57 1 1
datastructures/HashTableOpen.go:88.57,90.4 1 1
datastructures/HashTableOpen.go:91.3,92.22 2 1
datastructures/HashTableOpen.go:92.22,93.9 1 0
datastructures/HashTableOpen.go:96.2,96.17 1 1
datastructures/HashTableOpen.go:99.41,103.30 3 1
datastructures/HashTableOpen.go:103.30,104.57 1 1
datastructures/HashTableOpen.go:104.57,108.4 3 1
datastructures/HashTableOpen.go:109.3,110.22 2 0
datastructures/HashTableOpen.go:110.22,111.9 1 0
datastructures/HashTableOpen.go:116.33,118.34 2 1
datastructures/HashTableOpen.go:118.34,119.53 1 1
datastructures/HashTableOpen.go:119.53,121.4 1 1
datastructures/HashTableOpen.go:126.58,128.16 2 1
datastructures/HashTableOpen.go:128.16,130.3 1 1
datastructures/HashTableOpen.go:131.2,133.80 2 1
datastructures/HashTableOpen.go:133.80,135.3 1 0
datastructures/HashTableOpen.go:136.2,136.84 1 1
datastructures/HashTableOpen.go:136.84,138.3 1 0
datastructures/HashTableOpen.go:140.2,140.34 1 1
datastructures/HashTableOpen.go:140.34,141.88 1 1
datastructures/HashTableOpen.go:141.88,143.4 1 0
datastructures/HashTableOpen.go:144.3,144.90 1 1
datastructures/HashTableOpen.go:144.90,146.4 1 0
datastructures/HashTableOpen.go:147.3,147.88 1 1
datastructures/HashTableOpen.go:147.88,149.4 1 0
datastructures/HashTableOpen.go:150.3,150.87 1 1
datastructures/HashTableOpen.go:150.87,152.4 1 0
datastructures/HashTableOpen.go:154.2,154.12 1 1
datastructures/HashTableOpen.go:157.60,159.16 2 1
datastructures/HashTableOpen.go:159.16,161.3 1 1
datastructures/HashTableOpen.go:162.2,165.70 3 1
datastructures/HashTableOpen.go:165.70,167.3 1 0
datastructures/HashTableOpen.go:168.2,168.74 1 1
datastructures/HashTableOpen.go:168.74,170.3 1 0
datastructures/HashTableOpen.go:172.2,176.34 4 1
datastructures/HashTableOpen.go:176.34,178.70 2 1
datastructures/HashTableOpen.go:178.70,180.4 1 0
datastructures/HashTableOpen.go:181.3,181.72 1 1
datastructures/HashTableOpen.go:181.72,183.4 1 0
datastructures/HashTableOpen.go:184.3,184.88 1 1
datastructures/HashTableOpen.go:184.88,186.4 1 0
datastructures/HashTableOpen.go:187.3,187.87 1 1
datastructures/HashTableOpen.go:187.87,189.4 1 0
datastructures/HashTableOpen.go:190.3,191.32 2 1
datastructures/HashTableOpen.go:193.2,193.12 1 1
datastructures/HashTableOpen.go:206.62,208.16 2 1
datastructures/HashTableOpen.go:208.16,210.3 1 1
datastructures/HashTableOpen.go:211.2,214.34 3 1
datastructures/HashTableOpen.go:214.34,215.53 1 1
datastructures/HashTableOpen.go:215.53,217.4 1 1
datastructures/HashTableOpen.go:220.2,223.29 4 1
datastructures/HashTableOpen.go:226.64,228.16 2 1
datastructures/HashTableOpen.go:228.16,230.3 1 1
datastructures/HashTableOpen.go:231.2,235.34 3 1
datastructures/HashTableOpen.go:235.34,237.3 1 1
datastructures/HashTableOpen.go:238.2,242.46 4 1
datastructures/HashTableOpen.go:242.46,244.3 1 0
datastructures/HashTableOpen.go:246.2,246.37 1 1
datastructures/HashTableOpen.go:246.37,248.3 1 1
datastructures/HashTableOpen.go:249.2,249.12 1 1
datastructures/Queue.go:21.28,23.2 1 1
datastructures/Queue.go:25.35,27.23 2 1
datastructures/Queue.go:27.23,31.3 3 1
datastructures/Queue.go:32.2,33.22 2 1
datastructures/Queue.go:36.25,37.24 1 1
datastructures/Queue.go:37.24,39.3 1 1
datastructures/Queue.go:40.2,41.24 2 1
datastructures/Queue.go:41.24,43.3 1 1
datastructures/Queue.go:46.39,47.24 1 1
datastructures/Queue.go:47.24,49.3 1 1
datastructures/Queue.go:50.2,50.30 1 1
datastructures/Queue.go:53.27,56.18 3 1
datastructures/Queue.go:56.18,58.23 2 1
datastructures/Queue.go:58.23,60.4 1 1
datastructures/Queue.go:61.3,61.19 1 1
datastructures/Queue.go:63.2,63.18 1 1
datastructures/Queue.go:67.52,69.16 2 1
datastructures/Queue.go:69.16,71.3 1 1
datastructures/Queue.go:72.2,76.18 4 1
datastructures/Queue.go:76.18,79.3 2 1
datastructures/Queue.go:81.2,81.71 1 1
datastructures/Queue.go:81.71,83.3 1 0
datastructures/Queue.go:85.2,86.18 2 1
datastructures/Queue.go:86.18,87.83 1 1
datastructures/Queue.go:87.83,89.4 1 0
datastructures/Queue.go:90.3,90.19 1 1
datastructures/Queue.go:92.2,92.12 1 1
datastructures/Queue.go:95.54,97.16 2 1
datastructures/Queue.go:97.16,99.3 1 1
datastructures/Queue.go:100.2,103.25 2 1
datastructures/Queue.go:103.25,105.3 1 1
datastructures/Queue.go:107.2,108.71 2 1
datastructures/Queue.go:108.71,110.3 1 0
datastructures/Queue.go:112.2,112.37 1 1
datastructures/Queue.go:112.37,114.72 2 1
datastructures/Queue.go:114.72,116.4 1 0
datastructures/Queue.go:117.3,117.21 1 1
datastructures/Queue.go:119.2,119.12 1 1
datastructures/Queue.go:127.56,129.16 2 1
datastructures/Queue.go:129.16,131.3 1 1
datastructures/Queue.go:132.2,136.18 4 1
datastructures/Queue.go:136.18,139.3 2 1
datastructures/Queue.go:141.2,144.34 4 1
datastructures/Queue.go:147.58,149.16 2 1
datastructures/Queue.go:149.16,151.3 1 1
datastructures/Queue.go:152.2,155.25 2 1
datastructures/Queue.go:155.25,157.3 1 0
datastructures/Queue.go:159.2,161.51 3 1
datastructures/Queue.go:161.51,163.3 1 0
datastructures/Queue.go:165.2,165.39 1 1
datastructures/Queue.go:165.39,167.3 1 1
datastructures/Queue.go:168.2,168.12 1 1
datastructures/SinglyLinkedList.go:22.46,28.2 1 1
datastructures/SinglyLinkedList.go:30.49,33.19 3 1
datastructures/SinglyLinkedList.go:33.19,35.3 1 1
datastructures/SinglyLinkedList.go:36.2,36.10 1 1
datastructures/SinglyLinkedList.go:39.48,41.19 2 1
datastructures/SinglyLinkedList.go:41.19,44.3 2 1
datastructures/SinglyLinkedList.go:44.8,47.3 2 1
datastructures/SinglyLinkedList.go:48.2,48.10 1 1
datastructures/SinglyLinkedList.go:51.68,52.21 1 1
datastructures/SinglyLinkedList.go:52.21,54.3 1 1
datastructures/SinglyLinkedList.go:55.2,56.29 2 1
datastructures/SinglyLinkedList.go:56.29,58.3 1 1
datastructures/SinglyLinkedList.go:59.2,61.20 3 1
datastructures/SinglyLinkedList.go:61.20,63.3 1 1
datastructures/SinglyLinkedList.go:64.2,65.12 2 1
datastructures/SinglyLinkedList.go:68.69,69.16 1 1
datastructures/SinglyLinkedList.go:69.16,72.3 2 1
datastructures/SinglyLinkedList.go:73.2,73.20 1 1
datastructures/SinglyLinkedList.go:73.20,75.3 1 1
datastructures/SinglyLinkedList.go:76.2,76.38 1 1
datastructures/SinglyLinkedList.go:79.39,80.19 1 1
datastructures/SinglyLinkedList.go:80.19,82.3 1 1
datastructures/SinglyLinkedList.go:83.2,84.19 2 1
datastructures/SinglyLinkedList.go:84.19,86.3 1 1
datastructures/SinglyLinkedList.go:87.2,87.10 1 1
datastructures/SinglyLinkedList.go:90.38,91.19 1 1
datastructures/SinglyLinkedList.go:91.19,93.3 1 1
datastructures/SinglyLinkedList.go:94.2,94.22 1 1
datastructures/SinglyLinkedList.go:94.22,99.3 4 1
datastructures/SinglyLinkedList.go:100.2,101.26 2 1
datastructures/SinglyLinkedList.go:101.26,103.3 1 1
datastructures/SinglyLinkedList.go:104.2,106.10 3 1
datastructures/SinglyLinkedList.go:109.54,110.21 1 1
datastructures/SinglyLinkedList.go:110.21,112.3 1 1
datastructures/SinglyLinkedList.go:113.2,113.16 1 1
datastructures/SinglyLinkedList.go:113.16,116.3 2 1
datastructures/SinglyLinkedList.go:117.2,118.31 2 1
datastructures/SinglyLinkedList.go:118.31,120.3 1 0
datastructures/SinglyLinkedList.go:121.2,123.21 3 1
datastructures/SinglyLinkedList.go:123.21,125.3 1 1
datastructures/SinglyLinkedList.go:126.2,128.12 3 1
datastructures/SinglyLinkedList.go:131.53,132.19 1 1
datastructures/SinglyLinkedList.go:132.19,134.3 1 1
datastructures/SinglyLinkedList.go:135.2,135.26 1 1
datastructures/SinglyLinkedList.go:135.26,138.3 2 1
datastructures/SinglyLinkedList.go:139.2,140.50 2 1
datastructures/SinglyLinkedList.go:140.50,142.3 1 0
datastructures/SinglyLinkedList.go:143.2,143.22 1 1
datastructures/SinglyLinkedList.go:143.22,146.22 3 1
datastructures/SinglyLinkedList.go:146.22,148.4 1 1
datastructures/SinglyLinkedList.go:149.3,150.11 2 1
datastructures/SinglyLinkedList.go:154.49,156.18 2 1
datastructures/SinglyLinkedList.go:156.18,157.25 1 1
datastructures/SinglyLinkedList.go:157.25,159.4 1 1
datastructures/SinglyLinkedList.go:160.3,160.19 1 1
datastructures/SinglyLinkedList.go:162.2,162.14 1 1
datastructures/SinglyLinkedList.go:165.42,167.2 1 1
datastructures/SinglyLinkedList.go:169.36,172.18 3 1
datastructures/SinglyLinkedList.go:172.18,174.23 2 1
datastructures/SinglyLinkedList.go:174.23,176.4 1 1
datastructures/SinglyLinkedList.go:177.3,177.19 1 1
datastructures/SinglyLinkedList.go:179.2,179.18 1 1
datastructures/SinglyLinkedList.go:183.61,185.16 2 1
datastructures/SinglyLinkedList.go:185.16,187.3 1 1
datastructures/SinglyLinkedList.go:188.2,190.80 2 1
datastructures/SinglyLinkedList.go:190.80,192.3 1 0
datastructures/SinglyLinkedList.go:193.2,194.18 2 1
datastructures/SinglyLinkedList.go:194.18,195.83 1 1
datastructures/SinglyLinkedList.go:195.83,197.4 1 0
datastructures/SinglyLinkedList.go:198.3,198.19 1 1
datastructures/SinglyLinkedList.go:200.2,200.12 1 1
datastructures/SinglyLinkedList.go:203.63,205.16 2 1
datastructures/SinglyLinkedList.go:205.16,207.3 1 1
datastructures/SinglyLinkedList.go:208.2,216.74 6 1
datastructures/SinglyLinkedList.go:216.74,218.3 1 0
datastructures/SinglyLinkedList.go:220.2,220.24 1 1
datastructures/SinglyLinkedList.go:220.24,222.3 1 0
datastructures/SinglyLinkedList.go:224.2,224.40 1 1
datastructures/SinglyLinkedList.go:224.40,226.72 2 1
datastructures/SinglyLinkedList.go:226.72,228.4 1 0
datastructures/SinglyLinkedList.go:229.3,229.25 1 1
datastructures/SinglyLinkedList.go:231.2,231.12 1 1
datastructures/SinglyLinkedList.go:239.65,241.16 2 1
datastructures/SinglyLinkedList.go:241.16,243.3 1 1
datastructures/SinglyLinkedList.go:244.2,248.18 4 1
datastructures/SinglyLinkedList.go:248.18,251.3 2 1
datastructures/SinglyLinkedList.go:253.2,256.33 4 1
datastructures/SinglyLinkedList.go:259.67,261.16 2 1
datastructures/SinglyLinkedList.go:261.16,263.3 1 1
datastructures/SinglyLinkedList.go:264.2,273.50 7 1
datastructures/SinglyLinkedList.go:273.50,275.3 1 0
datastructures/SinglyLinkedList.go:277.2,277.34 1 1
datastructures/SinglyLinkedList.go:277.34,279.3 1 0
datastructures/SinglyLinkedList.go:281.2,281.38 1 1
datastructures/SinglyLinkedList.go:281.38,283.3 1 1
datastructures/SinglyLinkedList.go:284.2,284.12 1 1
datastructures/Stack.go:20.28,22.2 1 1
datastructures/Stack.go:24.35,27.2 2 1
datastructures/Stack.go:29.25,30.22 1 1
datastructures/Stack.go:30.22,32.3 1 1
datastructures/Stack.go:35.39,36.22 1 1
datastructures/Stack.go:36.22,38.3 1 1
datastructures/Stack.go:39.2,39.28 1 1
datastructures/Stack.go:42.27,45.18 3 1
datastructures/Stack.go:45.18,47.23 2 1
datastructures/Stack.go:47.23,49.4 1 1
datastructures/Stack.go:50.3,50.19 1 1
datastructures/Stack.go:52.2,52.18 1 1
datastructures/Stack.go:56.52,58.16 2 1
datastructures/Stack.go:58.16,60.3 1 1
datastructures/Stack.go:61.2,65.18 4 1
datastructures/Stack.go:65.18,68.3 2 1
datastructures/Stack.go:70.2,70.71 1 1
datastructures/Stack.go:70.71,72.3 1 0
datastructures/Stack.go:74.2,75.18 2 1
datastructures/Stack.go:75.18,76.83 1 1
datastructures/Stack.go:76.83,78.4 1 0
datastructures/Stack.go:79.3,79.19 1 1
datastructures/Stack.go:81.2,81.12 1 1
datastructures/Stack.go:84.54,86.16 2 1
datastructures/Stack.go:86.16,88.3 1 1
datastructures/Stack.go:89.2,92.23 2 1
datastructures/Stack.go:92.23,94.3 1 1
datastructures/Stack.go:96.2,97.71 2 1
datastructures/Stack.go:97.71,99.3 1 0
datastructures/Stack.go:101.2,101.37 1 1
datastructures/Stack.go:101.37,103.72 2 1
datastructures/Stack.go:103.72,105.4 1 0
datastructures/Stack.go:106.3,106.21 1 1
datastructures/Stack.go:108.2,108.12 1 1
datastructures/Stack.go:116.56,118.16 2 1
datastructures/Stack.go:118.16,120.3 1 1
datastructures/Stack.go:121.2,125.18 4 1
datastructures/Stack.go:125.18,128.3 2 1
datastructures/Stack.go:130.2,133.34 4 1
datastructures/Stack.go:136.58,138.16 2 1
datastructures/Stack.go:138.16,140.3 1 1
datastructures/Stack.go:141.2,144.23 2 1
datastructures/Stack.go:144.23,146.3 1 0
datastructures/Stack.go:148.2,150.51 3 1
datastructures/Stack.go:150.51,152.3 1 0
datastructures/Stack.go:154.2,154.39 1 1
datastructures/Stack.go:154.39,156.3 1 1
datastructures/Stack.go:157.2,157.12 1 1
